<?xml version="1.0" encoding="UTF-8"?>
<!-- Generated by org.testng.reporters.JUnitReportReporter -->
<testsuite hostname="DESKTOP-O5L6OUE" failures="0" tests="2" name="samples.TestNGExamples" time="0.017" errors="0" timestamp="2025-05-28T12:43:50 IST" skipped="0">
  <testcase classname="samples.TestNGExamples" name="method2" time="0.005"/>
  <testcase classname="samples.TestNGExamples" name="method1" time="0.012"/>
</testsuite> <!-- samples.TestNGExamples -->
