<?xml version="1.0" encoding="UTF-8"?>
<!-- Generated by org.testng.reporters.JUnitReportReporter -->
<testsuite hostname="DESKTOP-O5L6OUE" failures="0" tests="1" name="testCases.TC003_MyAccountTest" time="2.216" errors="0" timestamp="2025-06-01T16:26:00 IST" skipped="0">
  <testcase classname="testCases.TC003_MyAccountTest" name="verify_MyAccount" time="2.216"/>
</testsuite> <!-- testCases.TC003_MyAccountTest -->
