<?xml version="1.0" encoding="UTF-8"?>
<!-- Generated by org.testng.reporters.JUnitReportReporter -->
<testsuite hostname="DESKTOP-O5L6OUE" failures="0" tests="1" name="testCases.TC002_AccountLoginTest" time="2.166" errors="0" timestamp="2025-06-03T15:33:29 IST" skipped="0">
  <testcase classname="testCases.TC002_AccountLoginTest" name="verify_Account_Login" time="2.166"/>
</testsuite> <!-- testCases.TC002_AccountLoginTest -->
