<?xml version="1.0" encoding="UTF-8"?>
<!-- Generated by org.testng.reporters.JUnitReportReporter -->
<testsuite hostname="DESKTOP-O5L6OUE" failures="0" tests="2" name="samples.ChromeLaunch" time="8.533" errors="0" timestamp="2025-05-28T12:43:50 IST" skipped="0">
  <testcase classname="samples.ChromeLaunch" name="chromestart" time="8.531"/>
  <testcase classname="samples.ChromeLaunch" name="terminarymtd" time="0.002"/>
</testsuite> <!-- samples.ChromeLaunch -->
