<?xml version="1.0" encoding="UTF-8"?>
<!-- Generated by org.testng.reporters.JUnitReportReporter -->
<testsuite hostname="DESKTOP-O5L6OUE" failures="0" tests="3" name="sample_test.SampleExample" time="6.185" errors="0" timestamp="2025-05-09T17:45:12 IST" skipped="0">
  <testcase classname="sample_test.SampleExample" name="urlhit" time="4.698"/>
  <testcase classname="sample_test.SampleExample" name="gurulogin" time="1.299"/>
  <testcase classname="sample_test.SampleExample" name="logout" time="0.188"/>
</testsuite> <!-- sample_test.SampleExample -->
