<?xml version="1.0" encoding="UTF-8"?>
<!-- Generated by org.testng.reporters.JUnitReportReporter -->
<testsuite hostname="DESKTOP-O5L6OUE" failures="0" tests="1" name="testCases.TC001_AccountRegistrationTest" time="4.454" errors="0" timestamp="2025-06-04T11:54:35 IST" skipped="0">
  <testcase classname="testCases.TC001_AccountRegistrationTest" name="verify_account_registrartion" time="4.454"/>
</testsuite> <!-- testCases.TC001_AccountRegistrationTest -->
