<?xml version="1.0" encoding="UTF-8"?>
<!-- Generated by org.testng.reporters.JUnitReportReporter -->
<testsuite hostname="DESKTOP-O5L6OUE" failures="0" tests="1" name="testCases.TC001_AccountRegistrationTest" time="3.526" errors="0" timestamp="2025-06-03T16:07:58 IST" skipped="0">
  <testcase classname="testCases.TC001_AccountRegistrationTest" name="verify_account_registrartion" time="3.526"/>
</testsuite> <!-- testCases.TC001_AccountRegistrationTest -->
